[debug] [2025-11-16T23:36:18.152Z] ----------------------------------------------------------------------
[debug] [2025-11-16T23:36:18.156Z] Command:       C:\Program Files\nodejs\node.exe C:\Program Files\nodejs\node_modules\firebase-tools\lib\bin\firebase.js emulators:start
[debug] [2025-11-16T23:36:18.157Z] CLI Version:   14.24.2
[debug] [2025-11-16T23:36:18.157Z] Platform:      win32
[debug] [2025-11-16T23:36:18.157Z] Node Version:  v20.19.5
[debug] [2025-11-16T23:36:18.157Z] Time:          Mon Nov 17 2025 00:36:18 GMT+0100 (UTC+01:00)
[debug] [2025-11-16T23:36:18.157Z] ----------------------------------------------------------------------
[debug] 
[debug] [2025-11-16T23:36:18.438Z] > command requires scopes: ["email","openid","https://www.googleapis.com/auth/cloudplatformprojects.readonly","https://www.googleapis.com/auth/firebase","https://www.googleapis.com/auth/cloud-platform"]
[debug] [2025-11-16T23:36:18.438Z] > authorizing via signed-in user (maryem.el.bouchti2002@gmail.com)
[info] i  emulators: Starting emulators: functions, extensions {"metadata":{"emulator":{"name":"hub"},"message":"Starting emulators: functions, extensions"}}
[debug] [2025-11-16T23:36:18.444Z] Checked if tokens are valid: true, expires at: 1763339489254
[debug] [2025-11-16T23:36:18.444Z] Checked if tokens are valid: true, expires at: 1763339489254
[debug] [2025-11-16T23:36:18.445Z] >>> [apiv2][query] GET https://cloudresourcemanager.googleapis.com/v1/projects/smartparking-842d1 [none]
[debug] [2025-11-16T23:36:18.836Z] <<< [apiv2][status] GET https://cloudresourcemanager.googleapis.com/v1/projects/smartparking-842d1 200
[debug] [2025-11-16T23:36:18.836Z] <<< [apiv2][body] GET https://cloudresourcemanager.googleapis.com/v1/projects/smartparking-842d1 {"projectNumber":"92848743587","projectId":"smartparking-842d1","lifecycleState":"ACTIVE","name":"SmartParking","labels":{"firebase":"enabled","firebase-core":"disabled"},"createTime":"2025-10-16T20:01:48.147384Z"}
[debug] [2025-11-16T23:36:18.849Z] [logging] Logging Emulator only supports listening on one address (127.0.0.1). Not listening on ::1
[debug] [2025-11-16T23:36:18.849Z] assigned listening specs for emulators {"user":{"hub":[{"address":"127.0.0.1","family":"IPv4","port":4400},{"address":"::1","family":"IPv6","port":4400}],"ui":[{"address":"127.0.0.1","family":"IPv4","port":4000},{"address":"::1","family":"IPv6","port":4000}],"logging":[{"address":"127.0.0.1","family":"IPv4","port":4500}]},"metadata":{"message":"assigned listening specs for emulators"}}
[debug] [2025-11-16T23:36:18.854Z] Emulator locator file path: C:\Users\user\AppData\Local\Temp\hub-smartparking-842d1.json
[debug] [2025-11-16T23:36:18.855Z] [hub] writing locator at C:\Users\user\AppData\Local\Temp\hub-smartparking-842d1.json
[debug] [2025-11-16T23:36:18.867Z] [Extensions] Started Extensions emulator, this is a noop.
[debug] [2025-11-16T23:36:18.872Z] [functions] Functions Emulator only supports listening on one address (127.0.0.1). Not listening on ::1
[debug] [2025-11-16T23:36:18.873Z] [eventarc] Eventarc Emulator only supports listening on one address (127.0.0.1). Not listening on ::1
[debug] [2025-11-16T23:36:18.873Z] [tasks] Cloud Tasks Emulator only supports listening on one address (127.0.0.1). Not listening on ::1
[debug] [2025-11-16T23:36:18.873Z] late-assigned ports for functions and eventarc emulators {"user":{"hub":[{"address":"127.0.0.1","family":"IPv4","port":4400},{"address":"::1","family":"IPv6","port":4400}],"ui":[{"address":"127.0.0.1","family":"IPv4","port":4000},{"address":"::1","family":"IPv6","port":4000}],"logging":[{"address":"127.0.0.1","family":"IPv4","port":4500}],"functions":[{"address":"127.0.0.1","family":"IPv4","port":5001}],"eventarc":[{"address":"127.0.0.1","family":"IPv4","port":9299}],"tasks":[{"address":"127.0.0.1","family":"IPv4","port":9499}]},"metadata":{"message":"late-assigned ports for functions and eventarc emulators"}}
[warn] !  functions: The following emulators are not running, calls to these services from the Functions emulator will affect production: apphosting, auth, firestore, database, hosting, pubsub, storage, dataconnect {"metadata":{"emulator":{"name":"functions"},"message":"The following emulators are not running, calls to these services from the Functions emulator will affect production: \u001b[1mapphosting, auth, firestore, database, hosting, pubsub, storage, dataconnect\u001b[22m"}}
[debug] [2025-11-16T23:36:18.943Z] defaultcredentials: writing to file C:\Users\user\AppData\Roaming\firebase\maryem_el.bouchti2002_gmail.com_application_default_credentials.json
[debug] [2025-11-16T23:36:18.948Z] Setting GAC to C:\Users\user\AppData\Roaming\firebase\maryem_el.bouchti2002_gmail.com_application_default_credentials.json {"metadata":{"emulator":{"name":"functions"},"message":"Setting GAC to C:\\Users\\user\\AppData\\Roaming\\firebase\\maryem_el.bouchti2002_gmail.com_application_default_credentials.json"}}
[debug] [2025-11-16T23:36:18.949Z] Checked if tokens are valid: true, expires at: 1763339489254
[debug] [2025-11-16T23:36:18.949Z] Checked if tokens are valid: true, expires at: 1763339489254
[debug] [2025-11-16T23:36:18.949Z] >>> [apiv2][query] GET https://firebase.googleapis.com/v1beta1/projects/smartparking-842d1/adminSdkConfig [none]
[debug] [2025-11-16T23:36:19.402Z] <<< [apiv2][status] GET https://firebase.googleapis.com/v1beta1/projects/smartparking-842d1/adminSdkConfig 200
[debug] [2025-11-16T23:36:19.402Z] <<< [apiv2][body] GET https://firebase.googleapis.com/v1beta1/projects/smartparking-842d1/adminSdkConfig {"projectId":"smartparking-842d1","databaseURL":"https://smartparking-842d1-default-rtdb.firebaseio.com","storageBucket":"smartparking-842d1.firebasestorage.app"}
[debug] [2025-11-16T23:36:19.429Z] [Extensions] Connecting Extensions emulator, this is a noop.
[info] i  functions: Watching "C:\Users\user\Desktop\LA FAC\projets\SmartParkingWeb-2\SmartParkingWeb-2\functions" for Cloud Functions... {"metadata":{"emulator":{"name":"functions"},"message":"Watching \"C:\\Users\\user\\Desktop\\LA FAC\\projets\\SmartParkingWeb-2\\SmartParkingWeb-2\\functions\" for Cloud Functions..."}}
[debug] [2025-11-16T23:36:19.438Z] Validating nodejs source
[debug] [2025-11-16T23:36:20.974Z] > [functions] package.json contents: {
  "name": "functions",
  "version": "1.0.0",
  "main": "index.js",
  "type": "module",
  "scripts": {
    "test": "echo \"Error: no test specified\" && exit 1",
    "lint": "echo \"Skipping lint\""
  },
  "engines": {
    "node": "22"
  },
  "keywords": [],
  "author": "",
  "license": "ISC",
  "description": "",
  "dependencies": {
    "firebase-admin": "^13.6.0",
    "firebase-functions": "^7.0.0",
    "nodemailer": "^7.0.10"
  },
  "devDependencies": {
    "@types/nodemailer": "^7.0.3",
    "ts-node": "^10.9.2",
    "typescript": "^5.9.3"
  },
  "compilerOptions": {
    "module": "ESNext",
    "moduleResolution": "node",
    "target": "ES2020",
    "esModuleInterop": true,
    "allowJs": true,
    "resolveJsonModule": true
  }
}
[debug] [2025-11-16T23:36:20.974Z] Building nodejs source
[debug] [2025-11-16T23:36:20.974Z] Failed to find version of module node: reached end of search path C:\Users\user\Desktop\LA FAC\projets\SmartParkingWeb-2\SmartParkingWeb-2\functions\node_modules
[warn] !  functions: Your requested "node" version "22" doesn't match your global version "20". Using node@20 from host. 
[debug] [2025-11-16T23:36:20.977Z] Could not find functions.yaml. Must use http discovery
[debug] [2025-11-16T23:36:20.988Z] Found firebase-functions binary at 'C:\Users\user\Desktop\LA FAC\projets\SmartParkingWeb-2\SmartParkingWeb-2\functions\node_modules\.bin\firebase-functions'
[info] Serving at port 8628

[error] ReferenceError: require is not defined in ES module scope, you can use import instead
This file is being treated as an ES module because it has a '.js' file extension and 'C:\Users\user\Desktop\LA FAC\projets\SmartParkingWeb-2\SmartParkingWeb-2\functions\package.json' contains "type": "module". To treat it as a CommonJS script, rename it to use the '.cjs' file extension.
    at file:///C:/Users/user/Desktop/LA%20FAC/projets/SmartParkingWeb-2/SmartParkingWeb-2/functions/index.js:1:19
    at ModuleJobSync.runSync (node:internal/modules/esm/module_job:437:37)
    at ModuleLoader.importSyncForRequire (node:internal/modules/esm/loader:389:47)
    at loadESMFromCJS (node:internal/modules/cjs/loader:1363:24)
    at Module._compile (node:internal/modules/cjs/loader:1503:5)
    at Module._extensions..js (node:internal/modules/cjs/loader:1623:10)
    at Module.load (node:internal/modules/cjs/loader:1266:32)
    at Module._load (node:internal/modules/cjs/loader:1091:12)
    at Module.require (node:internal/modules/cjs/loader:1289:19)
    at require (node:internal/modules/helpers:182:18)

[debug] [2025-11-16T23:36:21.367Z] Got response code 400; body Failed to generate manifest from function source: require is not defined in ES module scope, you can use import instead
This file is being treated as an ES module because it has a '.js' file extension and 'C:\Users\user\Desktop\LA FAC\projets\SmartParkingWeb-2\SmartParkingWeb-2\functions\package.json' contains "type": "module". To treat it as a CommonJS script, rename it to use the '.cjs' file extension.
[error] !!  functions: Failed to load function definition from source: FirebaseError: Functions codebase could not be analyzed successfully. It may have a syntax or runtime error {"metadata":{"emulator":{"name":"functions"},"message":"Failed to load function definition from source: FirebaseError: Functions codebase could not be analyzed successfully. It may have a syntax or runtime error"}}
[debug] [2025-11-16T23:36:25.421Z] Could not find VSCode notification endpoint: FetchError: request to http://localhost:40001/vscode/notify failed, reason: . If you are not running the Firebase Data Connect VSCode extension, this is expected and not an issue.
[info] 
┌─────────────────────────────────────────────────────────────┐
│ ✔  All emulators ready! It is now safe to connect your app. │
│ i  View Emulator UI at http://127.0.0.1:4000/               │
└─────────────────────────────────────────────────────────────┘

┌────────────┬────────────────┬──────────────────────────────────┐
│ Emulator   │ Host:Port      │ View in Emulator UI              │
├────────────┼────────────────┼──────────────────────────────────┤
│ Functions  │ 127.0.0.1:5001 │ http://127.0.0.1:4000/functions  │
├────────────┼────────────────┼──────────────────────────────────┤
│ Extensions │ 127.0.0.1:5001 │ http://127.0.0.1:4000/extensions │
└────────────┴────────────────┴──────────────────────────────────┘
  Emulator Hub host: 127.0.0.1 port: 4400
  Other reserved ports: 4500
┌─────────────────────────┬───────────────┬─────────────────────┐
│ Extension Instance Name │ Extension Ref │ View in Emulator UI │
└─────────────────────────┴───────────────┴─────────────────────┘
Issues? Report them at https://github.com/firebase/firebase-tools/issues and attach the *-debug.log files.
 
[debug] [2025-11-16T23:37:21.776Z] [work-queue] {"queuedWork":["/smartparking-842d1/us-central1/sendVerificationEmail-2025-11-16T23:37:21.776Z"],"queueLength":1,"runningWork":[],"workRunningCount":0}
[debug] [2025-11-16T23:37:21.777Z] [work-queue] {"queuedWork":[],"queueLength":0,"runningWork":["/smartparking-842d1/us-central1/sendVerificationEmail-2025-11-16T23:37:21.776Z"],"workRunningCount":1}
[debug] [2025-11-16T23:37:21.783Z] [work-queue] {"queuedWork":[],"queueLength":0,"runningWork":[],"workRunningCount":0}
[debug] [2025-11-16T23:56:22.734Z] Received signal SIGHUP 1
[info]  
[info] i  emulators: Received SIGHUP for the first time. Starting a clean shutdown. 
[info] i  emulators: Please wait for a clean shutdown or send the SIGHUP signal again to stop right now. 
[info] i  emulators: Shutting down emulators. {"metadata":{"emulator":{"name":"hub"},"message":"Shutting down emulators."}}
[info] i  ui: Stopping Emulator UI {"metadata":{"emulator":{"name":"ui"},"message":"Stopping Emulator UI"}}
[info] i  extensions: Stopping Extensions Emulator {"metadata":{"emulator":{"name":"extensions"},"message":"Stopping Extensions Emulator"}}
[debug] [2025-11-16T23:56:22.752Z] [Extensions] Stopping Extensions emulator, this is a noop.
[info] i  functions: Stopping Functions Emulator {"metadata":{"emulator":{"name":"functions"},"message":"Stopping Functions Emulator"}}
[info] i  eventarc: Stopping Eventarc Emulator {"metadata":{"emulator":{"name":"eventarc"},"message":"Stopping Eventarc Emulator"}}
[info] i  tasks: Stopping Cloud Tasks Emulator {"metadata":{"emulator":{"name":"tasks"},"message":"Stopping Cloud Tasks Emulator"}}
[info] i  hub: Stopping emulator hub {"metadata":{"emulator":{"name":"hub"},"message":"Stopping emulator hub"}}
[debug] [2025-11-16T23:56:22.759Z] Emulator locator file path: C:\Users\user\AppData\Local\Temp\hub-smartparking-842d1.json
[info] i  logging: Stopping Logging Emulator {"metadata":{"emulator":{"name":"logging"},"message":"Stopping Logging Emulator"}}
[debug] [2025-11-16T23:56:22.778Z] Could not find VSCode notification endpoint: FetchError: request to http://localhost:40001/vscode/notify failed, reason: . If you are not running the Firebase Data Connect VSCode extension, this is expected and not an issue.
